<?xml version="1.0" encoding="UTF-8"?>
<testng-results ignored="0" total="3" passed="3" failed="0" skipped="0">
  <reporter-output>
  </reporter-output>
  <suite started-at="2024-03-06T11:03:20 IST" name="Default suite" finished-at="2024-03-06T11:10:49 IST" duration-ms="449040">
    <groups>
      <group name="cucumber">
        <method signature="AbstractTestNGCucumberTests.runScenario(io.cucumber.testng.PickleWrapper,io.cucumber.testng.FeatureWrapper)[pri:0, instance:TestRunner.Runner@563f38c4]" name="runScenario" class="io.cucumber.testng.AbstractTestNGCucumberTests"/>
      </group> <!-- cucumber -->
    </groups>
    <test started-at="2024-03-06T11:03:20 IST" name="Default test" finished-at="2024-03-06T11:10:49 IST" duration-ms="449040">
      <class name="TestRunner.Runner">
        <test-method is-config="true" signature="setUpClass(org.testng.ITestContext)[pri:0, instance:TestRunner.Runner@563f38c4]" started-at="2024-03-06T11:03:20 IST" name="setUpClass" finished-at="2024-03-06T11:03:39 IST" duration-ms="19037" status="PASS">
          <params>
            <param index="0">
              <value>
                <![CDATA[org.testng.TestRunner@591a4d25]]>
              </value>
            </param>
          </params>
          <reporter-output>
          </reporter-output>
        </test-method> <!-- setUpClass -->
        <test-method signature="runScenario(io.cucumber.testng.PickleWrapper,io.cucumber.testng.FeatureWrapper)[pri:0, instance:TestRunner.Runner@563f38c4]" started-at="2024-03-06T11:03:39 IST" name="runScenario" description="Runs Cucumber Scenarios" data-provider="scenarios" finished-at="2024-03-06T11:09:53 IST" duration-ms="373520" status="PASS">
          <params>
            <param index="0">
              <value>
                <![CDATA["Lowest travel insurance for students in policybazzar site"]]>
              </value>
            </param>
            <param index="1">
              <value>
                <![CDATA["Policy Bazaar"]]>
              </value>
            </param>
          </params>
          <reporter-output>
          </reporter-output>
        </test-method> <!-- runScenario -->
        <test-method signature="runScenario(io.cucumber.testng.PickleWrapper,io.cucumber.testng.FeatureWrapper)[pri:0, instance:TestRunner.Runner@563f38c4]" started-at="2024-03-06T11:09:53 IST" name="runScenario" description="Runs Cucumber Scenarios" data-provider="scenarios" finished-at="2024-03-06T11:10:18 IST" duration-ms="25733" status="PASS">
          <params>
            <param index="0">
              <value>
                <![CDATA["User specifications of car insurance in policybazzar site"]]>
              </value>
            </param>
            <param index="1">
              <value>
                <![CDATA["Policy Bazaar"]]>
              </value>
            </param>
          </params>
          <reporter-output>
          </reporter-output>
        </test-method> <!-- runScenario -->
        <test-method signature="runScenario(io.cucumber.testng.PickleWrapper,io.cucumber.testng.FeatureWrapper)[pri:0, instance:TestRunner.Runner@563f38c4]" started-at="2024-03-06T11:10:18 IST" name="runScenario" description="Runs Cucumber Scenarios" data-provider="scenarios" finished-at="2024-03-06T11:10:27 IST" duration-ms="8542" status="PASS">
          <params>
            <param index="0">
              <value>
                <![CDATA["Insurance products in Health insurance"]]>
              </value>
            </param>
            <param index="1">
              <value>
                <![CDATA["Policy Bazaar"]]>
              </value>
            </param>
          </params>
          <reporter-output>
          </reporter-output>
        </test-method> <!-- runScenario -->
        <test-method is-config="true" signature="tearDownClass()[pri:0, instance:TestRunner.Runner@563f38c4]" started-at="2024-03-06T11:10:27 IST" name="tearDownClass" finished-at="2024-03-06T11:10:49 IST" duration-ms="22054" status="PASS">
          <reporter-output>
          </reporter-output>
        </test-method> <!-- tearDownClass -->
      </class> <!-- TestRunner.Runner -->
    </test> <!-- Default test -->
  </suite> <!-- Default suite -->
</testng-results>
